pkg_config: checking for pkg-config for krb5... -------------------- [" ", "-dynamic -Wl,-search_paths_first", "-lkrb5"]

DYLD_LIBRARY_PATH=.:/Users/dberger/.rbenv/versions/4.0.1/lib LSAN_OPTIONS=detect_leaks=0 pkg-config --exists krb5
DYLD_LIBRARY_PATH=.:/Users/dberger/.rbenv/versions/4.0.1/lib LSAN_OPTIONS=detect_leaks=0 krb5-config --libs |
=> "-dynamic -Wl,-search_paths_first -lkrb5\n"
DYLD_LIBRARY_PATH=.:/Users/dberger/.rbenv/versions/4.0.1/lib LSAN_OPTIONS=detect_leaks=0 "clang -o conftest -I/Users/dberger/.rbenv/versions/4.0.1/include/ruby-4.0.0/arm64-darwin24 -I/Users/dberger/.rbenv/versions/4.0.1/include/ruby-4.0.0/ruby/backward -I/Users/dberger/.rbenv/versions/4.0.1/include/ruby-4.0.0 -I. -I/opt/homebrew/opt/openjdk/include -D_XOPEN_SOURCE -D_DARWIN_C_SOURCE -D_DARWIN_UNLIMITED_SELECT -D_REENTRANT   -fstack-protector-strong -U_FORTIFY_SOURCE -D_FORTIFY_SOURCE=2 -fdeclspec  -O3 -fno-fast-math -ggdb3 -Wall -Wextra -Wextra-tokens -Wdeprecated-declarations -Wdivision-by-zero -Wdiv-by-zero -Wimplicit-function-declaration -Wimplicit-int -Wpointer-arith -Wshorten-64-to-32 -Wwrite-strings -Wold-style-definition -Wmissing-noreturn -Wno-cast-function-type -Wno-constant-logical-operand -Wno-long-long -Wno-missing-field-initializers -Wno-overlength-strings -Wno-parentheses-equality -Wno-self-assign -Wno-tautological-compare -Wno-unused-parameter -Wno-unused-value -Wunused-variable -Wmisleading-indentation -Wundef -fno-common -pipe conftest.c -L. -L/Users/dberger/.rbenv/versions/4.0.1/lib -L. -L/opt/homebrew/opt/postgresql@17/lib -fstack-protector-strong -L/opt/homebrew/Cellar/gmp/6.3.0/lib  -arch arm64   -lruby.4.0  -lpthread  "
checked program was:
/* begin */
1: #include "ruby.h"
2: 
3: int main(int argc, char **argv)
4: {
5:   return !!argv[argc];
6: }
/* end */

DYLD_LIBRARY_PATH=.:/Users/dberger/.rbenv/versions/4.0.1/lib LSAN_OPTIONS=detect_leaks=0 "clang -o conftest -I/Users/dberger/.rbenv/versions/4.0.1/include/ruby-4.0.0/arm64-darwin24 -I/Users/dberger/.rbenv/versions/4.0.1/include/ruby-4.0.0/ruby/backward -I/Users/dberger/.rbenv/versions/4.0.1/include/ruby-4.0.0 -I. -I/opt/homebrew/opt/openjdk/include -D_XOPEN_SOURCE -D_DARWIN_C_SOURCE -D_DARWIN_UNLIMITED_SELECT -D_REENTRANT   -fstack-protector-strong -U_FORTIFY_SOURCE -D_FORTIFY_SOURCE=2 -fdeclspec  -O3 -fno-fast-math -ggdb3 -Wall -Wextra -Wextra-tokens -Wdeprecated-declarations -Wdivision-by-zero -Wdiv-by-zero -Wimplicit-function-declaration -Wimplicit-int -Wpointer-arith -Wshorten-64-to-32 -Wwrite-strings -Wold-style-definition -Wmissing-noreturn -Wno-cast-function-type -Wno-constant-logical-operand -Wno-long-long -Wno-missing-field-initializers -Wno-overlength-strings -Wno-parentheses-equality -Wno-self-assign -Wno-tautological-compare -Wno-unused-parameter -Wno-unused-value -Wunused-variable -Wmisleading-indentation -Wundef -fno-common -pipe conftest.c -L. -L/Users/dberger/.rbenv/versions/4.0.1/lib -L. -L/opt/homebrew/opt/postgresql@17/lib -fstack-protector-strong -L/opt/homebrew/Cellar/gmp/6.3.0/lib -dynamic -Wl,-search_paths_first -lkrb5 -arch arm64   -lruby.4.0  -lpthread  "
checked program was:
/* begin */
1: #include "ruby.h"
2: 
3: int main(int argc, char **argv)
4: {
5:   return !!argv[argc];
6: }
/* end */

DYLD_LIBRARY_PATH=.:/Users/dberger/.rbenv/versions/4.0.1/lib LSAN_OPTIONS=detect_leaks=0 krb5-config --cflags-only-I |
=> "unknown option: --cflags-only-I\n"
DYLD_LIBRARY_PATH=.:/Users/dberger/.rbenv/versions/4.0.1/lib LSAN_OPTIONS=detect_leaks=0 krb5-config --cflags |
=> "\n"
DYLD_LIBRARY_PATH=.:/Users/dberger/.rbenv/versions/4.0.1/lib LSAN_OPTIONS=detect_leaks=0 krb5-config --libs-only-l |
=> "unknown option: --libs-only-l\n"
package configuration for krb5
incflags: 
cflags: 
ldflags: -dynamic -Wl,-search_paths_first
libs: -lkrb5

--------------------

pkg_config: checking for pkg-config for com_err... -------------------- not found

DYLD_LIBRARY_PATH=.:/Users/dberger/.rbenv/versions/4.0.1/lib LSAN_OPTIONS=detect_leaks=0 pkg-config --exists com_err
package configuration for com_err is not found
--------------------

have_library: checking for -lcom_err... -------------------- yes

DYLD_LIBRARY_PATH=.:/Users/dberger/.rbenv/versions/4.0.1/lib LSAN_OPTIONS=detect_leaks=0 "clang -o conftest -I/Users/dberger/.rbenv/versions/4.0.1/include/ruby-4.0.0/arm64-darwin24 -I/Users/dberger/.rbenv/versions/4.0.1/include/ruby-4.0.0/ruby/backward -I/Users/dberger/.rbenv/versions/4.0.1/include/ruby-4.0.0 -I. -I/opt/homebrew/opt/openjdk/include -D_XOPEN_SOURCE -D_DARWIN_C_SOURCE -D_DARWIN_UNLIMITED_SELECT -D_REENTRANT   -fstack-protector-strong -U_FORTIFY_SOURCE -D_FORTIFY_SOURCE=2 -fdeclspec  -O3 -fno-fast-math -ggdb3 -Wall -Wextra -Wextra-tokens -Wdeprecated-declarations -Wdivision-by-zero -Wdiv-by-zero -Wimplicit-function-declaration -Wimplicit-int -Wpointer-arith -Wshorten-64-to-32 -Wwrite-strings -Wold-style-definition -Wmissing-noreturn -Wno-cast-function-type -Wno-constant-logical-operand -Wno-long-long -Wno-missing-field-initializers -Wno-overlength-strings -Wno-parentheses-equality -Wno-self-assign -Wno-tautological-compare -Wno-unused-parameter -Wno-unused-value -Wunused-variable -Wmisleading-indentation -Wundef -fno-common -pipe  conftest.c -L. -L/Users/dberger/.rbenv/versions/4.0.1/lib -L. -L/opt/homebrew/opt/postgresql@17/lib -fstack-protector-strong -L/opt/homebrew/Cellar/gmp/6.3.0/lib -dynamic -Wl,-search_paths_first  -arch arm64   -lkrb5 -lruby.4.0 -lcom_err  -lkrb5 -lpthread  "
ld: warning: ignoring duplicate libraries: '-lkrb5'
checked program was:
/* begin */
 1: #include "ruby.h"
 2: 
 3: /*top*/
 4: extern int t(void);
 5: int main(int argc, char **argv)
 6: {
 7:   if (argc > 1000000) {
 8:     int (* volatile tp)(void)=(int (*)(void))&t;
 9:     printf("%d", (*tp)());
10:   }
11: 
12:   return !!argv[argc];
13: }
14: 
15: int t(void) { ; return 0; }
/* end */

--------------------

pkg_config: checking for pkg-config for kadm5clnt... -------------------- not found

DYLD_LIBRARY_PATH=.:/Users/dberger/.rbenv/versions/4.0.1/lib LSAN_OPTIONS=detect_leaks=0 pkg-config --exists kadm5clnt
package configuration for kadm5clnt is not found
--------------------

have_library: checking for -lkadm5clnt... -------------------- no

DYLD_LIBRARY_PATH=.:/Users/dberger/.rbenv/versions/4.0.1/lib LSAN_OPTIONS=detect_leaks=0 "clang -o conftest -I/Users/dberger/.rbenv/versions/4.0.1/include/ruby-4.0.0/arm64-darwin24 -I/Users/dberger/.rbenv/versions/4.0.1/include/ruby-4.0.0/ruby/backward -I/Users/dberger/.rbenv/versions/4.0.1/include/ruby-4.0.0 -I. -I/opt/homebrew/opt/openjdk/include -D_XOPEN_SOURCE -D_DARWIN_C_SOURCE -D_DARWIN_UNLIMITED_SELECT -D_REENTRANT   -fstack-protector-strong -U_FORTIFY_SOURCE -D_FORTIFY_SOURCE=2 -fdeclspec  -O3 -fno-fast-math -ggdb3 -Wall -Wextra -Wextra-tokens -Wdeprecated-declarations -Wdivision-by-zero -Wdiv-by-zero -Wimplicit-function-declaration -Wimplicit-int -Wpointer-arith -Wshorten-64-to-32 -Wwrite-strings -Wold-style-definition -Wmissing-noreturn -Wno-cast-function-type -Wno-constant-logical-operand -Wno-long-long -Wno-missing-field-initializers -Wno-overlength-strings -Wno-parentheses-equality -Wno-self-assign -Wno-tautological-compare -Wno-unused-parameter -Wno-unused-value -Wunused-variable -Wmisleading-indentation -Wundef -fno-common -pipe  conftest.c -L. -L/Users/dberger/.rbenv/versions/4.0.1/lib -L. -L/opt/homebrew/opt/postgresql@17/lib -fstack-protector-strong -L/opt/homebrew/Cellar/gmp/6.3.0/lib -dynamic -Wl,-search_paths_first  -arch arm64  -lcom_err  -lkrb5 -lruby.4.0 -lkadm5clnt -lcom_err  -lkrb5 -lpthread  "
ld: warning: ignoring duplicate libraries: '-lcom_err', '-lkrb5'
ld: library 'kadm5clnt' not found
clang: error: linker command failed with exit code 1 (use -v to see invocation)
checked program was:
/* begin */
 1: #include "ruby.h"
 2: 
 3: /*top*/
 4: extern int t(void);
 5: int main(int argc, char **argv)
 6: {
 7:   if (argc > 1000000) {
 8:     int (* volatile tp)(void)=(int (*)(void))&t;
 9:     printf("%d", (*tp)());
10:   }
11: 
12:   return !!argv[argc];
13: }
14: 
15: int t(void) { ; return 0; }
/* end */

--------------------

pkg_config: checking for pkg-config for kdb5... -------------------- not found

DYLD_LIBRARY_PATH=.:/Users/dberger/.rbenv/versions/4.0.1/lib LSAN_OPTIONS=detect_leaks=0 pkg-config --exists kdb5
package configuration for kdb5 is not found
--------------------

have_library: checking for -lkdb5... -------------------- no

DYLD_LIBRARY_PATH=.:/Users/dberger/.rbenv/versions/4.0.1/lib LSAN_OPTIONS=detect_leaks=0 "clang -o conftest -I/Users/dberger/.rbenv/versions/4.0.1/include/ruby-4.0.0/arm64-darwin24 -I/Users/dberger/.rbenv/versions/4.0.1/include/ruby-4.0.0/ruby/backward -I/Users/dberger/.rbenv/versions/4.0.1/include/ruby-4.0.0 -I. -I/opt/homebrew/opt/openjdk/include -D_XOPEN_SOURCE -D_DARWIN_C_SOURCE -D_DARWIN_UNLIMITED_SELECT -D_REENTRANT   -fstack-protector-strong -U_FORTIFY_SOURCE -D_FORTIFY_SOURCE=2 -fdeclspec  -O3 -fno-fast-math -ggdb3 -Wall -Wextra -Wextra-tokens -Wdeprecated-declarations -Wdivision-by-zero -Wdiv-by-zero -Wimplicit-function-declaration -Wimplicit-int -Wpointer-arith -Wshorten-64-to-32 -Wwrite-strings -Wold-style-definition -Wmissing-noreturn -Wno-cast-function-type -Wno-constant-logical-operand -Wno-long-long -Wno-missing-field-initializers -Wno-overlength-strings -Wno-parentheses-equality -Wno-self-assign -Wno-tautological-compare -Wno-unused-parameter -Wno-unused-value -Wunused-variable -Wmisleading-indentation -Wundef -fno-common -pipe  conftest.c -L. -L/Users/dberger/.rbenv/versions/4.0.1/lib -L. -L/opt/homebrew/opt/postgresql@17/lib -fstack-protector-strong -L/opt/homebrew/Cellar/gmp/6.3.0/lib -dynamic -Wl,-search_paths_first  -arch arm64  -lcom_err  -lkrb5 -lruby.4.0 -lkdb5 -lcom_err  -lkrb5 -lpthread  "
ld: warning: ignoring duplicate libraries: '-lcom_err', '-lkrb5'
ld: library 'kdb5' not found
clang: error: linker command failed with exit code 1 (use -v to see invocation)
checked program was:
/* begin */
 1: #include "ruby.h"
 2: 
 3: /*top*/
 4: extern int t(void);
 5: int main(int argc, char **argv)
 6: {
 7:   if (argc > 1000000) {
 8:     int (* volatile tp)(void)=(int (*)(void))&t;
 9:     printf("%d", (*tp)());
10:   }
11: 
12:   return !!argv[argc];
13: }
14: 
15: int t(void) { ; return 0; }
/* end */

--------------------

